<?xml version="1.0" encoding="UTF-8"?>
<testng-results skipped="0" failed="0" total="1" passed="1">
  <reporter-output>
  </reporter-output>
  <suite name="Default suite" duration-ms="7580" started-at="2021-09-30T05:15:14Z" finished-at="2021-09-30T05:15:22Z">
    <groups>
    </groups>
    <test name="Default test" duration-ms="7580" started-at="2021-09-30T05:15:14Z" finished-at="2021-09-30T05:15:22Z">
      <class name="com.adp.exam.testcase.ADPTestCase">
        <test-method status="PASS" signature="setup()[pri:0, instance:com.adp.exam.testcase.ADPTestCase@2bbf180e]" name="setup" is-config="true" duration-ms="2066" started-at="2021-09-30T01:15:14Z" finished-at="2021-09-30T01:15:16Z">
          <reporter-output>
          </reporter-output>
        </test-method> <!-- setup -->
        <test-method status="PASS" signature="test_go_to_HerosPage()[pri:0, instance:com.adp.exam.testcase.ADPTestCase@2bbf180e]" name="test_go_to_HerosPage" duration-ms="4540" started-at="2021-09-30T01:15:16Z" finished-at="2021-09-30T01:15:21Z">
          <reporter-output>
          </reporter-output>
        </test-method> <!-- test_go_to_HerosPage -->
        <test-method status="PASS" signature="QuitDriver()[pri:0, instance:com.adp.exam.testcase.ADPTestCase@2bbf180e]" name="QuitDriver" is-config="true" duration-ms="968" started-at="2021-09-30T01:15:21Z" finished-at="2021-09-30T01:15:22Z">
          <reporter-output>
          </reporter-output>
        </test-method> <!-- QuitDriver -->
      </class> <!-- com.adp.exam.testcase.ADPTestCase -->
    </test> <!-- Default test -->
  </suite> <!-- Default suite -->
</testng-results>
